#
# There is insufficient memory for the Java Runtime Environment to continue.
# Native memory allocation (malloc) failed to allocate 971536 bytes. Error detail: Chunk::new
# Possible reasons:
#   The system is out of physical RAM or swap space
#   This process is running with CompressedOops enabled, and the Java Heap may be blocking the growth of the native heap
# Possible solutions:
#   Reduce memory load on the system
#   Increase physical memory or swap space
#   Check if swap backing store is full
#   Decrease Java heap size (-Xmx/-Xms)
#   Decrease number of Java threads
#   Decrease Java thread stack sizes (-Xss)
#   Set larger code cache with -XX:ReservedCodeCacheSize=
#   JVM is running with Unscaled Compressed Oops mode in which the Java heap is
#     placed in the first 4GB address space. The Java Heap base address is the
#     maximum limit for the native heap growth. Please use -XX:HeapBaseMinAddress
#     to set the Java Heap base and to place the Java Heap above 4GB virtual address.
# This output file may be truncated or incomplete.
#
#  Out of Memory Error (arena.cpp:168), pid=1184, tid=21492
#
# JRE version: OpenJDK Runtime Environment Temurin-21.0.10+7 (21.0.10+7) (build 21.0.10+7-LTS)
# Java VM: OpenJDK 64-Bit Server VM Temurin-21.0.10+7 (21.0.10+7-LTS, mixed mode, sharing, tiered, compressed oops, compressed class ptrs, parallel gc, windows-amd64)
# No core dump will be written. Minidumps are not enabled by default on client versions of Windows
#

---------------  S U M M A R Y ------------

Command Line: --add-modules=ALL-SYSTEM --add-opens=java.base/java.util=ALL-UNNAMED --add-opens=java.base/java.lang=ALL-UNNAMED --add-opens=java.base/sun.nio.fs=ALL-UNNAMED -Declipse.application=org.eclipse.jdt.ls.core.id1 -Dosgi.bundles.defaultStartLevel=4 -Declipse.product=org.eclipse.jdt.ls.core.product -Djava.import.generatesMetadataFilesAtProjectRoot=false -DDetectVMInstallationsJob.disabled=true -Dfile.encoding=utf8 -XX:+UseParallelGC -XX:GCTimeRatio=4 -XX:AdaptiveSizePolicyWeight=90 -Dsun.zip.disableMemoryMapping=true -Xmx2G -Xms100m -Xlog:disable -javaagent:c:\Users\Hi\.vscode\extensions\redhat.java-1.54.0-win32-x64\lombok\lombok-1.18.39-4050.jar -XX:+HeapDumpOnOutOfMemoryError -XX:HeapDumpPath=c:\Users\Hi\AppData\Roaming\Code\User\workspaceStorage\8800255bfa019aa9c41d4c0c776fe196\redhat.java -Daether.dependencyCollector.impl=bf c:\Users\Hi\.vscode\extensions\redhat.java-1.54.0-win32-x64\server\plugins\org.eclipse.equinox.launcher_1.7.100.v20251111-0406.jar -configuration c:\Users\Hi\AppData\Roaming\Code\User\globalStorage\redhat.java\1.54.0\config_win -data c:\Users\Hi\AppData\Roaming\Code\User\workspaceStorage\8800255bfa019aa9c41d4c0c776fe196\redhat.java\jdt_ws --pipe=\\.\pipe\lsp-d50f1b626238c6b0745333387baa6d23-sock

Host: 13th Gen Intel(R) Core(TM) i7-13700H, 20 cores, 15G,  Windows 11 , 64 bit Build 26100 (10.0.26100.7019)
Time: Sun Jun 14 01:59:24 2026 elapsed time: 25.315164 seconds (0d 0h 0m 25s)

---------------  T H R E A D  ---------------

Current thread (0x000001d5143faf70):  JavaThread "C2 CompilerThread4" daemon [_thread_in_native, id=21492, stack(0x000000d0be300000,0x000000d0be400000) (1024K)]


Current CompileTask:
C2:25315 15451       4       org.eclipse.jdt.internal.core.search.indexing.BinaryIndexer::extractReferenceFromConstantPool (358 bytes)

Stack: [0x000000d0be300000,0x000000d0be400000]
Native frames: (J=compiled Java code, j=interpreted, Vv=VM code, C=native code)
V  [jvm.dll+0x6d7a39]
V  [jvm.dll+0x8b4b26]
V  [jvm.dll+0x8b70de]
V  [jvm.dll+0x8b77c3]
V  [jvm.dll+0x284346]
V  [jvm.dll+0xc66ed]
V  [jvm.dll+0xc6c31]
V  [jvm.dll+0x3bec01]
V  [jvm.dll+0x1e3d62]
V  [jvm.dll+0x24c6b3]
V  [jvm.dll+0x24bb40]
V  [jvm.dll+0x1cb34e]
V  [jvm.dll+0x25b85d]
V  [jvm.dll+0x259dea]
V  [jvm.dll+0x3f857e]
V  [jvm.dll+0x85f59d]
V  [jvm.dll+0x6d626d]
C  [ucrtbase.dll+0x37b0]
C  [KERNEL32.DLL+0x2e8d7]
C  [ntdll.dll+0x8c53c]


---------------  P R O C E S S  ---------------

Threads class SMR info:
_java_thread_list=0x000001d512bf7540, length=100, elements={
0x000001d4afa94ca0, 0x000001d4c8cc45e0, 0x000001d4c8cc5240, 0x000001d50afc7fd0,
0x000001d50afc8fc0, 0x000001d50afcb990, 0x000001d50afcdfb0, 0x000001d50afdde80,
0x000001d50afe4af0, 0x000001d50b1fb600, 0x000001d50d1475b0, 0x000001d512042820,
0x000001d5123c43d0, 0x000001d512376060, 0x000001d51237aef0, 0x000001d51256fe10,
0x000001d5125d99e0, 0x000001d512ff63e0, 0x000001d512f32620, 0x000001d512f346f0,
0x000001d512f32cb0, 0x000001d512f33340, 0x000001d512f339d0, 0x000001d512f34060,
0x000001d512f34d80, 0x000001d512f35410, 0x000001d512f35aa0, 0x000001d5142298c0,
0x000001d514229230, 0x000001d514228510, 0x000001d514227e80, 0x000001d514226440,
0x000001d5142277f0, 0x000001d514229f50, 0x000001d514226ad0, 0x000001d514228ba0,
0x000001d514227160, 0x000001d51422b990, 0x000001d51422b300, 0x000001d51422c020,
0x000001d51422c6b0, 0x000001d51422a5e0, 0x000001d51422cd40, 0x000001d51422d3d0,
0x000001d51422ac70, 0x000001d51422da60, 0x000001d5160ca560, 0x000001d5160cd350,
0x000001d5160cbfa0, 0x000001d5160cb280, 0x000001d50b1555b0, 0x000001d512b39ee0,
0x000001d512b37600, 0x000001d512b39140, 0x000001d512b39810, 0x000001d51261c310,
0x000001d512619bb0, 0x000001d51261d6c0, 0x000001d51261ea70, 0x000001d51261dd50,
0x000001d51261e3e0, 0x000001d5143fcab0, 0x000001d5143faf70, 0x000001d5143fb640,
0x000001d5143f9b00, 0x000001d5143fc3e0, 0x000001d51261b5f0, 0x000001d51261f100,
0x000001d51261f790, 0x000001d5160cb910, 0x000001d5165b0570, 0x000001d5165aeb30,
0x000001d5165b0c00, 0x000001d5165af1c0, 0x000001d5165b1290, 0x000001d5165b1920,
0x000001d5165af850, 0x000001d5165ae4a0, 0x000001d5165afee0, 0x000001d516d44800,
0x000001d516d44170, 0x000001d516d420a0, 0x000001d516d43ae0, 0x000001d516d45bb0,
0x000001d516d46240, 0x000001d516d468d0, 0x000001d516d43450, 0x000001d516d46f60,
0x000001d516d475f0, 0x000001d516d47c80, 0x000001d516d48310, 0x000001d516d489a0,
0x000001d516d49030, 0x000001d51cc5abc0, 0x000001d51cc57dd0, 0x000001d51cc59180,
0x000001d51cc58af0, 0x000001d51cc58460, 0x000001d51cc59ea0, 0x000001d51cc5cc90
}

Java Threads: ( => current thread )
  0x000001d4afa94ca0 JavaThread "main"                              [_thread_blocked, id=37584, stack(0x000000d0b9100000,0x000000d0b9200000) (1024K)]
  0x000001d4c8cc45e0 JavaThread "Reference Handler"          daemon [_thread_blocked, id=28292, stack(0x000000d0b9500000,0x000000d0b9600000) (1024K)]
  0x000001d4c8cc5240 JavaThread "Finalizer"                  daemon [_thread_blocked, id=20152, stack(0x000000d0b9600000,0x000000d0b9700000) (1024K)]
  0x000001d50afc7fd0 JavaThread "Signal Dispatcher"          daemon [_thread_blocked, id=9760, stack(0x000000d0b9700000,0x000000d0b9800000) (1024K)]
  0x000001d50afc8fc0 JavaThread "Attach Listener"            daemon [_thread_blocked, id=2564, stack(0x000000d0b9800000,0x000000d0b9900000) (1024K)]
  0x000001d50afcb990 JavaThread "Service Thread"             daemon [_thread_blocked, id=35468, stack(0x000000d0b9900000,0x000000d0b9a00000) (1024K)]
  0x000001d50afcdfb0 JavaThread "Monitor Deflation Thread"   daemon [_thread_blocked, id=16160, stack(0x000000d0b9a00000,0x000000d0b9b00000) (1024K)]
  0x000001d50afdde80 JavaThread "C2 CompilerThread0"         daemon [_thread_blocked, id=20676, stack(0x000000d0b9b00000,0x000000d0b9c00000) (1024K)]
  0x000001d50afe4af0 JavaThread "C1 CompilerThread0"         daemon [_thread_blocked, id=35876, stack(0x000000d0b9c00000,0x000000d0b9d00000) (1024K)]
  0x000001d50b1fb600 JavaThread "Common-Cleaner"             daemon [_thread_blocked, id=31140, stack(0x000000d0ba100000,0x000000d0ba200000) (1024K)]
  0x000001d50d1475b0 JavaThread "Notification Thread"        daemon [_thread_blocked, id=21924, stack(0x000000d0ba200000,0x000000d0ba300000) (1024K)]
  0x000001d512042820 JavaThread "Active Thread: Equinox Container: 5fc90eb6-439a-4df5-ad3a-de367036d589"        [_thread_blocked, id=30912, stack(0x000000d0bab00000,0x000000d0bac00000) (1024K)]
  0x000001d5123c43d0 JavaThread "Refresh Thread: Equinox Container: 5fc90eb6-439a-4df5-ad3a-de367036d589" daemon [_thread_blocked, id=31632, stack(0x000000d0bad00000,0x000000d0bae00000) (1024K)]
  0x000001d512376060 JavaThread "Framework Event Dispatcher: Equinox Container: 5fc90eb6-439a-4df5-ad3a-de367036d589" daemon [_thread_blocked, id=2560, stack(0x000000d0bae00000,0x000000d0baf00000) (1024K)]
  0x000001d51237aef0 JavaThread "Start Level: Equinox Container: 5fc90eb6-439a-4df5-ad3a-de367036d589" daemon [_thread_blocked, id=17120, stack(0x000000d0baf00000,0x000000d0bb000000) (1024K)]
  0x000001d51256fe10 JavaThread "Bundle File Closer"         daemon [_thread_blocked, id=36272, stack(0x000000d0bb300000,0x000000d0bb400000) (1024K)]
  0x000001d5125d99e0 JavaThread "SCR Component Actor"        daemon [_thread_blocked, id=20088, stack(0x000000d0bb400000,0x000000d0bb500000) (1024K)]
  0x000001d512ff63e0 JavaThread "Worker-JM"                         [_thread_blocked, id=25584, stack(0x000000d0baa00000,0x000000d0bab00000) (1024K)]
  0x000001d512f32620 JavaThread "Worker-0: Refreshing workspace"        [_thread_blocked, id=6128, stack(0x000000d0bb900000,0x000000d0bba00000) (1024K)]
  0x000001d512f346f0 JavaThread "Worker-1: Initialize workspace"        [_thread_blocked, id=14996, stack(0x000000d0bba00000,0x000000d0bbb00000) (1024K)]
  0x000001d512f32cb0 JavaThread "Java indexing"              daemon [_thread_blocked, id=24392, stack(0x000000d0bbb00000,0x000000d0bbc00000) (1024K)]
  0x000001d512f33340 JavaThread "JNA Cleaner"                daemon [_thread_blocked, id=17244, stack(0x000000d0bbc00000,0x000000d0bbd00000) (1024K)]
  0x000001d512f339d0 JavaThread "Worker-2: Building"                [_thread_blocked, id=10808, stack(0x000000d0bbf00000,0x000000d0bc000000) (1024K)]
  0x000001d512f34060 JavaThread "Worker-3"                          [_thread_blocked, id=32176, stack(0x000000d0bc000000,0x000000d0bc100000) (1024K)]
  0x000001d512f34d80 JavaThread "Thread-1"                   daemon [_thread_in_native, id=36144, stack(0x000000d0bc100000,0x000000d0bc200000) (1024K)]
  0x000001d512f35410 JavaThread "Thread-2"                   daemon [_thread_in_native, id=26620, stack(0x000000d0bc200000,0x000000d0bc300000) (1024K)]
  0x000001d512f35aa0 JavaThread "Thread-3"                   daemon [_thread_in_native, id=35572, stack(0x000000d0bc300000,0x000000d0bc400000) (1024K)]
  0x000001d5142298c0 JavaThread "Thread-4"                   daemon [_thread_in_native, id=32492, stack(0x000000d0bc400000,0x000000d0bc500000) (1024K)]
  0x000001d514229230 JavaThread "Thread-5"                   daemon [_thread_in_native, id=19964, stack(0x000000d0bc500000,0x000000d0bc600000) (1024K)]
  0x000001d514228510 JavaThread "Thread-6"                   daemon [_thread_in_native, id=30028, stack(0x000000d0bc600000,0x000000d0bc700000) (1024K)]
  0x000001d514227e80 JavaThread "Thread-7"                   daemon [_thread_in_native, id=33924, stack(0x000000d0bc700000,0x000000d0bc800000) (1024K)]
  0x000001d514226440 JavaThread "Thread-8"                   daemon [_thread_in_native, id=36764, stack(0x000000d0bc800000,0x000000d0bc900000) (1024K)]
  0x000001d5142277f0 JavaThread "Thread-9"                   daemon [_thread_in_native, id=35336, stack(0x000000d0bc900000,0x000000d0bca00000) (1024K)]
  0x000001d514229f50 JavaThread "Thread-10"                  daemon [_thread_in_native, id=31236, stack(0x000000d0bca00000,0x000000d0bcb00000) (1024K)]
  0x000001d514226ad0 JavaThread "Thread-11"                  daemon [_thread_in_native, id=32408, stack(0x000000d0bcb00000,0x000000d0bcc00000) (1024K)]
  0x000001d514228ba0 JavaThread "Thread-12"                  daemon [_thread_in_native, id=1528, stack(0x000000d0bcc00000,0x000000d0bcd00000) (1024K)]
  0x000001d514227160 JavaThread "Thread-13"                  daemon [_thread_in_native, id=29140, stack(0x000000d0bcd00000,0x000000d0bce00000) (1024K)]
  0x000001d51422b990 JavaThread "Thread-14"                  daemon [_thread_in_native, id=29988, stack(0x000000d0bce00000,0x000000d0bcf00000) (1024K)]
  0x000001d51422b300 JavaThread "Thread-15"                  daemon [_thread_in_native, id=35168, stack(0x000000d0bcf00000,0x000000d0bd000000) (1024K)]
  0x000001d51422c020 JavaThread "Thread-16"                  daemon [_thread_in_native, id=32144, stack(0x000000d0bd000000,0x000000d0bd100000) (1024K)]
  0x000001d51422c6b0 JavaThread "Thread-17"                  daemon [_thread_in_native, id=20652, stack(0x000000d0bd100000,0x000000d0bd200000) (1024K)]
  0x000001d51422a5e0 JavaThread "Thread-18"                  daemon [_thread_in_native, id=32212, stack(0x000000d0bd200000,0x000000d0bd300000) (1024K)]
  0x000001d51422cd40 JavaThread "Thread-19"                  daemon [_thread_in_native, id=8720, stack(0x000000d0bd300000,0x000000d0bd400000) (1024K)]
  0x000001d51422d3d0 JavaThread "Thread-20"                  daemon [_thread_in_native, id=2180, stack(0x000000d0bd400000,0x000000d0bd500000) (1024K)]
  0x000001d51422ac70 JavaThread "Thread-21"                  daemon [_thread_in_native, id=21352, stack(0x000000d0bd500000,0x000000d0bd600000) (1024K)]
  0x000001d51422da60 JavaThread "pool-2-thread-1"                   [_thread_blocked, id=27544, stack(0x000000d0bd600000,0x000000d0bd700000) (1024K)]
  0x000001d5160ca560 JavaThread "WorkspaceEventsHandler"            [_thread_blocked, id=16800, stack(0x000000d0bdb00000,0x000000d0bdc00000) (1024K)]
  0x000001d5160cd350 JavaThread "pool-1-thread-1"                   [_thread_blocked, id=11968, stack(0x000000d0bdc00000,0x000000d0bdd00000) (1024K)]
  0x000001d5160cbfa0 
[error occurred during error reporting (printing all threads), id 0xc0000005, EXCEPTION_ACCESS_VIOLATION (0xc0000005) at pc=0x00007ff956839302]
VM state: at safepoint (normal execution)

VM Mutex/Monitor currently owned by a thread:  ([mutex/lock_event])
[0x00007ff95710e560] Threads_lock - owner thread: 0x000001d4b1813a00
[0x00007ff95710e660] Heap_lock - owner thread: 0x000001d5160cbfa0

Heap address: 0x0000000080000000, size: 2048 MB, Compressed Oops mode: 32-bit

CDS archive(s) mapped at: [0x000001d4c9000000-0x000001d4c9ba0000-0x000001d4c9ba0000), size 12189696, SharedBaseAddress: 0x000001d4c9000000, ArchiveRelocationMode: 1.
Compressed class space mapped at: 0x000001d4ca000000-0x000001d50a000000, reserved size: 1073741824
Narrow klass base: 0x000001d4c9000000, Narrow klass shift: 0, Narrow klass range: 0x100000000

GC Precious Log:
 CardTable entry size: 512
 CPUs: 20 total, 20 available
 Memory: 16108M
 Large Page Support: Disabled
 NUMA Support: Disabled
 Compressed Oops: Enabled (32-bit)
 Alignments: Space 512K, Generation 512K, Heap 2M
 Heap Min Capacity: 100M
 Heap Initial Capacity: 100M
 Heap Max Capacity: 2G
 Pre-touch: Disabled
 Parallel Workers: 15

Heap:
 PSYoungGen      total 8192K, used 8192K [0x00000000d5580000, 0x00000000d6000000, 0x0000000100000000)
  eden space 7680K, 100% used [0x00000000d5580000,0x00000000d5d00000,0x00000000d5d00000)
  from space 512K, 100% used [0x00000000d5f80000,0x00000000d6000000,0x00000000d6000000)
  to   space 1536K, 53% used [0x00000000d5d00000,0x00000000d5dcbe60,0x00000000d5e80000)
 ParOldGen       total 178688K, used 178273K [0x0000000080000000, 0x000000008ae80000, 0x00000000d5580000)
  object space 178688K, 99% used [0x0000000080000000,0x000000008ae18628,0x000000008ae80000)
 Metaspace       used 75079K, committed 76608K, reserved 1179648K
  class space    used 7882K, committed 8576K, reserved 1048576K

Card table byte_map: [0x000001d4c4010000,0x000001d4c4420000] _byte_map_base: 0x000001d4c3c10000

Marking Bits: (ParMarkBitMap*) 0x00007ff957113450
 Begin Bits: [0x000001d4c46d0000, 0x000001d4c66d0000)
 End Bits:   [0x000001d4c66d0000, 0x000001d4c86d0000)

Polling page: 0x000001d4afd10000

Metaspace:

Usage:
  Non-class:     65.62 MB used.
      Class:      7.70 MB used.
       Both:     73.32 MB used.

Virtual space:
  Non-class space:      128.00 MB reserved,      66.44 MB ( 52%) committed,  2 nodes.
      Class space:        1.00 GB reserved,       8.38 MB ( <1%) committed,  1 nodes.
             Both:        1.12 GB reserved,      74.81 MB (  6%) committed. 

Chunk freelists:
   Non-Class:  12.70 MB
       Class:  7.48 MB
        Both:  20.18 MB

MaxMetaspaceSize: unlimited
CompressedClassSpaceSize: 1.00 GB
Initial GC threshold: 21.00 MB
Current GC threshold: 97.31 MB
CDS: on
 - commit_granule_bytes: 65536.
 - commit_granule_words: 8192.
 - virtual_space_node_default_size: 8388608.
 - enlarge_chunks_in_place: 1.
 - use_allocation_guard: 0.


Internal statistics:

num_allocs_failed_limit: 9.
num_arena_births: 1292.
num_arena_deaths: 20.
num_vsnodes_births: 3.
num_vsnodes_deaths: 0.
num_space_committed: 1197.
num_space_uncommitted: 0.
num_chunks_returned_to_freelist: 31.
num_chunks_taken_from_freelist: 4642.
num_chunk_merges: 15.
num_chunk_splits: 2817.
num_chunks_enlarged: 1583.
num_inconsistent_stats: 0.

CodeHeap 'non-profiled nmethods': size=119168Kb used=10526Kb max_used=11514Kb free=108641Kb
 bounds [0x000001d4bc9d0000, 0x000001d4bd510000, 0x000001d4c3e30000]
CodeHeap 'profiled nmethods': size=119104Kb used=32021Kb max_used=36077Kb free=87082Kb
 bounds [0x000001d4b4e30000, 0x000001d4b7170000, 0x000001d4bc280000]
CodeHeap 'non-nmethods': size=7488Kb used=3183Kb max_used=3325Kb free=4304Kb
 bounds [0x000001d4bc280000, 0x000001d4bc5d0000, 0x000001d4bc9d0000]
CodeCache: size=245760Kb, used=45730Kb, max_used=50916Kb, free=200027Kb
 total_blobs=14715, nmethods=13907, adapters=710, full_count=0
Compilation: enabled, stopped_count=0, restarted_count=0

Compilation events (20 events):
Event: 25.181 Thread 0x000001d50b1555b0 15917       3       org.eclipse.jdt.internal.compiler.impl.BooleanConstant::fromValue (14 bytes)
Event: 25.183 Thread 0x000001d50b1555b0 nmethod 15917 0x000001d4b7154f90 code [0x000001d4b7155140, 0x000001d4b71552a8]
Event: 25.183 Thread 0x000001d50b1555b0 15910       3       lombok.eclipse.agent.PatchExtensionMethod::getTypeNode (47 bytes)
Event: 25.185 Thread 0x000001d50afe4af0 nmethod 15914 0x000001d4b7155310 code [0x000001d4b7155680, 0x000001d4b7156b20]
Event: 25.185 Thread 0x000001d50b1555b0 nmethod 15910 0x000001d4b7157190 code [0x000001d4b71573c0, 0x000001d4b7157cb8]
Event: 25.186 Thread 0x000001d512b39ee0 nmethod 15916 0x000001d4b7157f90 code [0x000001d4b7158380, 0x000001d4b715a098]
Event: 25.186 Thread 0x000001d50b1555b0 15913   !   3       lombok.core.FieldAugment$MapFieldAugment::clear (38 bytes)
Event: 25.194 Thread 0x000001d50afe4af0 15915       3       lombok.launch.PatchFixesHider$ExtensionMethod::resolveType (23 bytes)
Event: 25.195 Thread 0x000001d512b39ee0 15919       3       org.eclipse.jdt.internal.compiler.ast.NameReference::isType (13 bytes)
Event: 25.196 Thread 0x000001d50b1555b0 nmethod 15913 0x000001d4b715ab10 code [0x000001d4b715ad20, 0x000001d4b715b3c8]
Event: 25.196 Thread 0x000001d512b39ee0 nmethod 15919 0x000001d4b715b690 code [0x000001d4b715b840, 0x000001d4b715b9b8]
Event: 25.197 Thread 0x000001d512b39ee0 15920   !   3       org.eclipse.jdt.internal.compiler.ast.Expression::resolveTypeWithBindings (28 bytes)
Event: 25.197 Thread 0x000001d50b1555b0 15918   !   3       org.eclipse.jdt.internal.compiler.lookup.Scope::getMethod (336 bytes)
Event: 25.198 Thread 0x000001d512b39ee0 nmethod 15920 0x000001d4b715ba90 code [0x000001d4b715bc60, 0x000001d4b715c0c8]
Event: 25.199 Thread 0x000001d512b39ee0 15935       3       org.eclipse.jdt.internal.compiler.ast.FakedTrackingVariable::isFluentMethod (82 bytes)
Event: 25.201 Thread 0x000001d512b39ee0 nmethod 15935 0x000001d4b715c290 code [0x000001d4b715c4a0, 0x000001d4b715cae0]
Event: 25.202 Thread 0x000001d512b39ee0 15930       3       org.eclipse.jdt.internal.compiler.ast.MessageSend::analyseCode (992 bytes)
Event: 25.204 Thread 0x000001d50b1555b0 nmethod 15918 0x000001d4b715cd10 code [0x000001d4b715d080, 0x000001d4b715e790]
Event: 25.209 Thread 0x000001d512b37600 nmethod 15909 0x000001d4b715f490 code [0x000001d4b715ffc0, 0x000001d4b7168248]
Event: 25.209 Thread 0x000001d50b1555b0 15946       2       java.util.HashMap::removeNode (291 bytes)

GC Heap History (20 events):
Event: 24.920 GC heap after
{Heap after GC invocations=193 (full 3):
 PSYoungGen      total 9728K, used 768K [0x00000000d5580000, 0x00000000d6000000, 0x0000000100000000)
  eden space 8704K, 0% used [0x00000000d5580000,0x00000000d5580000,0x00000000d5e00000)
  from space 1024K, 75% used [0x00000000d5f00000,0x00000000d5fc0000,0x00000000d6000000)
  to   space 1024K, 0% used [0x00000000d5e00000,0x00000000d5e00000,0x00000000d5f00000)
 ParOldGen       total 173056K, used 172948K [0x0000000080000000, 0x000000008a900000, 0x00000000d5580000)
  object space 173056K, 99% used [0x0000000080000000,0x000000008a8e50c0,0x000000008a900000)
 Metaspace       used 74720K, committed 76288K, reserved 1179648K
  class space    used 7881K, committed 8576K, reserved 1048576K
}
Event: 24.950 GC heap before
{Heap before GC invocations=194 (full 3):
 PSYoungGen      total 9728K, used 9472K [0x00000000d5580000, 0x00000000d6000000, 0x0000000100000000)
  eden space 8704K, 100% used [0x00000000d5580000,0x00000000d5e00000,0x00000000d5e00000)
  from space 1024K, 75% used [0x00000000d5f00000,0x00000000d5fc0000,0x00000000d6000000)
  to   space 1024K, 0% used [0x00000000d5e00000,0x00000000d5e00000,0x00000000d5f00000)
 ParOldGen       total 173056K, used 172949K [0x0000000080000000, 0x000000008a900000, 0x00000000d5580000)
  object space 173056K, 99% used [0x0000000080000000,0x000000008a8e5708,0x000000008a900000)
 Metaspace       used 74799K, committed 76352K, reserved 1179648K
  class space    used 7882K, committed 8576K, reserved 1048576K
}
Event: 24.953 GC heap after
{Heap after GC invocations=194 (full 3):
 PSYoungGen      total 9728K, used 789K [0x00000000d5580000, 0x00000000d6000000, 0x0000000100000000)
  eden space 8704K, 0% used [0x00000000d5580000,0x00000000d5580000,0x00000000d5e00000)
  from space 1024K, 77% used [0x00000000d5e00000,0x00000000d5ec57a0,0x00000000d5f00000)
  to   space 1024K, 0% used [0x00000000d5f00000,0x00000000d5f00000,0x00000000d6000000)
 ParOldGen       total 173568K, used 173499K [0x0000000080000000, 0x000000008a980000, 0x00000000d5580000)
  object space 173568K, 99% used [0x0000000080000000,0x000000008a96ef08,0x000000008a980000)
 Metaspace       used 74799K, committed 76352K, reserved 1179648K
  class space    used 7882K, committed 8576K, reserved 1048576K
}
Event: 24.978 GC heap before
{Heap before GC invocations=195 (full 3):
 PSYoungGen      total 9728K, used 9493K [0x00000000d5580000, 0x00000000d6000000, 0x0000000100000000)
  eden space 8704K, 100% used [0x00000000d5580000,0x00000000d5e00000,0x00000000d5e00000)
  from space 1024K, 77% used [0x00000000d5e00000,0x00000000d5ec57a0,0x00000000d5f00000)
  to   space 1024K, 0% used [0x00000000d5f00000,0x00000000d5f00000,0x00000000d6000000)
 ParOldGen       total 173568K, used 173499K [0x0000000080000000, 0x000000008a980000, 0x00000000d5580000)
  object space 173568K, 99% used [0x0000000080000000,0x000000008a96ef08,0x000000008a980000)
 Metaspace       used 74817K, committed 76352K, reserved 1179648K
  class space    used 7882K, committed 8576K, reserved 1048576K
}
Event: 24.981 GC heap after
{Heap after GC invocations=195 (full 3):
 PSYoungGen      total 9728K, used 711K [0x00000000d5580000, 0x00000000d6000000, 0x0000000100000000)
  eden space 8704K, 0% used [0x00000000d5580000,0x00000000d5580000,0x00000000d5e00000)
  from space 1024K, 69% used [0x00000000d5f00000,0x00000000d5fb1d68,0x00000000d6000000)
  to   space 1024K, 0% used [0x00000000d5e00000,0x00000000d5e00000,0x00000000d5f00000)
 ParOldGen       total 174080K, used 174029K [0x0000000080000000, 0x000000008aa00000, 0x00000000d5580000)
  object space 174080K, 99% used [0x0000000080000000,0x000000008a9f3780,0x000000008aa00000)
 Metaspace       used 74817K, committed 76352K, reserved 1179648K
  class space    used 7882K, committed 8576K, reserved 1048576K
}
Event: 25.005 GC heap before
{Heap before GC invocations=196 (full 3):
 PSYoungGen      total 9728K, used 9415K [0x00000000d5580000, 0x00000000d6000000, 0x0000000100000000)
  eden space 8704K, 100% used [0x00000000d5580000,0x00000000d5e00000,0x00000000d5e00000)
  from space 1024K, 69% used [0x00000000d5f00000,0x00000000d5fb1d68,0x00000000d6000000)
  to   space 1024K, 0% used [0x00000000d5e00000,0x00000000d5e00000,0x00000000d5f00000)
 ParOldGen       total 174080K, used 174029K [0x0000000080000000, 0x000000008aa00000, 0x00000000d5580000)
  object space 174080K, 99% used [0x0000000080000000,0x000000008a9f3780,0x000000008aa00000)
 Metaspace       used 74867K, committed 76416K, reserved 1179648K
  class space    used 7882K, committed 8576K, reserved 1048576K
}
Event: 25.011 GC heap after
{Heap after GC invocations=196 (full 3):
 PSYoungGen      total 9728K, used 689K [0x00000000d5580000, 0x00000000d6000000, 0x0000000100000000)
  eden space 8704K, 0% used [0x00000000d5580000,0x00000000d5580000,0x00000000d5e00000)
  from space 1024K, 67% used [0x00000000d5e00000,0x00000000d5eac608,0x00000000d5f00000)
  to   space 1024K, 0% used [0x00000000d5f00000,0x00000000d5f00000,0x00000000d6000000)
 ParOldGen       total 174592K, used 174551K [0x0000000080000000, 0x000000008aa80000, 0x00000000d5580000)
  object space 174592K, 99% used [0x0000000080000000,0x000000008aa75d00,0x000000008aa80000)
 Metaspace       used 74867K, committed 76416K, reserved 1179648K
  class space    used 7882K, committed 8576K, reserved 1048576K
}
Event: 25.056 GC heap before
{Heap before GC invocations=197 (full 3):
 PSYoungGen      total 9728K, used 9393K [0x00000000d5580000, 0x00000000d6000000, 0x0000000100000000)
  eden space 8704K, 100% used [0x00000000d5580000,0x00000000d5e00000,0x00000000d5e00000)
  from space 1024K, 67% used [0x00000000d5e00000,0x00000000d5eac608,0x00000000d5f00000)
  to   space 1024K, 0% used [0x00000000d5f00000,0x00000000d5f00000,0x00000000d6000000)
 ParOldGen       total 174592K, used 174551K [0x0000000080000000, 0x000000008aa80000, 0x00000000d5580000)
  object space 174592K, 99% used [0x0000000080000000,0x000000008aa75d00,0x000000008aa80000)
 Metaspace       used 74910K, committed 76480K, reserved 1179648K
  class space    used 7882K, committed 8576K, reserved 1048576K
}
Event: 25.063 GC heap after
{Heap after GC invocations=197 (full 3):
 PSYoungGen      total 8704K, used 1000K [0x00000000d5580000, 0x00000000d6200000, 0x0000000100000000)
  eden space 7680K, 0% used [0x00000000d5580000,0x00000000d5580000,0x00000000d5d00000)
  from space 1024K, 97% used [0x00000000d5f00000,0x00000000d5ffa068,0x00000000d6000000)
  to   space 2048K, 0% used [0x00000000d5d00000,0x00000000d5d00000,0x00000000d5f00000)
 ParOldGen       total 175616K, used 175252K [0x0000000080000000, 0x000000008ab80000, 0x00000000d5580000)
  object space 175616K, 99% used [0x0000000080000000,0x000000008ab252a0,0x000000008ab80000)
 Metaspace       used 74910K, committed 76480K, reserved 1179648K
  class space    used 7882K, committed 8576K, reserved 1048576K
}
Event: 25.092 GC heap before
{Heap before GC invocations=198 (full 3):
 PSYoungGen      total 8704K, used 8680K [0x00000000d5580000, 0x00000000d6200000, 0x0000000100000000)
  eden space 7680K, 100% used [0x00000000d5580000,0x00000000d5d00000,0x00000000d5d00000)
  from space 1024K, 97% used [0x00000000d5f00000,0x00000000d5ffa068,0x00000000d6000000)
  to   space 2048K, 0% used [0x00000000d5d00000,0x00000000d5d00000,0x00000000d5f00000)
 ParOldGen       total 175616K, used 175252K [0x0000000080000000, 0x000000008ab80000, 0x00000000d5580000)
  object space 175616K, 99% used [0x0000000080000000,0x000000008ab252d0,0x000000008ab80000)
 Metaspace       used 74937K, committed 76480K, reserved 1179648K
  class space    used 7882K, committed 8576K, reserved 1048576K
}
Event: 25.097 GC heap after
{Heap after GC invocations=198 (full 3):
 PSYoungGen      total 9728K, used 850K [0x00000000d5580000, 0x00000000d6100000, 0x0000000100000000)
  eden space 7680K, 0% used [0x00000000d5580000,0x00000000d5580000,0x00000000d5d00000)
  from space 2048K, 41% used [0x00000000d5d00000,0x00000000d5dd4b40,0x00000000d5f00000)
  to   space 1536K, 0% used [0x00000000d5f80000,0x00000000d5f80000,0x00000000d6100000)
 ParOldGen       total 176640K, used 176196K [0x0000000080000000, 0x000000008ac80000, 0x00000000d5580000)
  object space 176640K, 99% used [0x0000000080000000,0x000000008ac113e8,0x000000008ac80000)
 Metaspace       used 74937K, committed 76480K, reserved 1179648K
  class space    used 7882K, committed 8576K, reserved 1048576K
}
Event: 25.119 GC heap before
{Heap before GC invocations=199 (full 3):
 PSYoungGen      total 9728K, used 8530K [0x00000000d5580000, 0x00000000d6100000, 0x0000000100000000)
  eden space 7680K, 100% used [0x00000000d5580000,0x00000000d5d00000,0x00000000d5d00000)
  from space 2048K, 41% used [0x00000000d5d00000,0x00000000d5dd4b40,0x00000000d5f00000)
  to   space 1536K, 0% used [0x00000000d5f80000,0x00000000d5f80000,0x00000000d6100000)
 ParOldGen       total 176640K, used 176199K [0x0000000080000000, 0x000000008ac80000, 0x00000000d5580000)
  object space 176640K, 99% used [0x0000000080000000,0x000000008ac11f20,0x000000008ac80000)
 Metaspace       used 74955K, committed 76480K, reserved 1179648K
  class space    used 7882K, committed 8576K, reserved 1048576K
}
Event: 25.121 GC heap after
{Heap after GC invocations=199 (full 3):
 PSYoungGen      total 8704K, used 742K [0x00000000d5580000, 0x00000000d6080000, 0x0000000100000000)
  eden space 7680K, 0% used [0x00000000d5580000,0x00000000d5580000,0x00000000d5d00000)
  from space 1024K, 72% used [0x00000000d5f80000,0x00000000d6039af0,0x00000000d6080000)
  to   space 1024K, 0% used [0x00000000d5e80000,0x00000000d5e80000,0x00000000d5f80000)
 ParOldGen       total 177152K, used 176760K [0x0000000080000000, 0x000000008ad00000, 0x00000000d5580000)
  object space 177152K, 99% used [0x0000000080000000,0x000000008ac9e0b0,0x000000008ad00000)
 Metaspace       used 74955K, committed 76480K, reserved 1179648K
  class space    used 7882K, committed 8576K, reserved 1048576K
}
Event: 25.161 GC heap before
{Heap before GC invocations=200 (full 3):
 PSYoungGen      total 8704K, used 8422K [0x00000000d5580000, 0x00000000d6080000, 0x0000000100000000)
  eden space 7680K, 100% used [0x00000000d5580000,0x00000000d5d00000,0x00000000d5d00000)
  from space 1024K, 72% used [0x00000000d5f80000,0x00000000d6039af0,0x00000000d6080000)
  to   space 1024K, 0% used [0x00000000d5e80000,0x00000000d5e80000,0x00000000d5f80000)
 ParOldGen       total 177152K, used 176760K [0x0000000080000000, 0x000000008ad00000, 0x00000000d5580000)
  object space 177152K, 99% used [0x0000000080000000,0x000000008ac9e0b0,0x000000008ad00000)
 Metaspace       used 75015K, committed 76544K, reserved 1179648K
  class space    used 7882K, committed 8576K, reserved 1048576K
}
Event: 25.165 GC heap after
{Heap after GC invocations=200 (full 3):
 PSYoungGen      total 8704K, used 832K [0x00000000d5580000, 0x00000000d6000000, 0x0000000100000000)
  eden space 7680K, 0% used [0x00000000d5580000,0x00000000d5580000,0x00000000d5d00000)
  from space 1024K, 81% used [0x00000000d5e80000,0x00000000d5f50000,0x00000000d5f80000)
  to   space 512K, 0% used [0x00000000d5f80000,0x00000000d5f80000,0x00000000d6000000)
 ParOldGen       total 177664K, used 177200K [0x0000000080000000, 0x000000008ad80000, 0x00000000d5580000)
  object space 177664K, 99% used [0x0000000080000000,0x000000008ad0c268,0x000000008ad80000)
 Metaspace       used 75015K, committed 76544K, reserved 1179648K
  class space    used 7882K, committed 8576K, reserved 1048576K
}
Event: 25.190 GC heap before
{Heap before GC invocations=201 (full 3):
 PSYoungGen      total 8704K, used 8512K [0x00000000d5580000, 0x00000000d6000000, 0x0000000100000000)
  eden space 7680K, 100% used [0x00000000d5580000,0x00000000d5d00000,0x00000000d5d00000)
  from space 1024K, 81% used [0x00000000d5e80000,0x00000000d5f50000,0x00000000d5f80000)
  to   space 512K, 0% used [0x00000000d5f80000,0x00000000d5f80000,0x00000000d6000000)
 ParOldGen       total 177664K, used 177200K [0x0000000080000000, 0x000000008ad80000, 0x00000000d5580000)
  object space 177664K, 99% used [0x0000000080000000,0x000000008ad0c268,0x000000008ad80000)
 Metaspace       used 75050K, committed 76608K, reserved 1179648K
  class space    used 7882K, committed 8576K, reserved 1048576K
}
Event: 25.194 GC heap after
{Heap after GC invocations=201 (full 3):
 PSYoungGen      total 8192K, used 512K [0x00000000d5580000, 0x00000000d6000000, 0x0000000100000000)
  eden space 7680K, 0% used [0x00000000d5580000,0x00000000d5580000,0x00000000d5d00000)
  from space 512K, 100% used [0x00000000d5f80000,0x00000000d6000000,0x00000000d6000000)
  to   space 1536K, 0% used [0x00000000d5d00000,0x00000000d5d00000,0x00000000d5e80000)
 ParOldGen       total 178176K, used 177890K [0x0000000080000000, 0x000000008ae00000, 0x00000000d5580000)
  object space 178176K, 99% used [0x0000000080000000,0x000000008adb8a80,0x000000008ae00000)
 Metaspace       used 75050K, committed 76608K, reserved 1179648K
  class space    used 7882K, committed 8576K, reserved 1048576K
}
Event: 25.210 GC heap before
{Heap before GC invocations=202 (full 3):
 PSYoungGen      total 8192K, used 8192K [0x00000000d5580000, 0x00000000d6000000, 0x0000000100000000)
  eden space 7680K, 100% used [0x00000000d5580000,0x00000000d5d00000,0x00000000d5d00000)
  from space 512K, 100% used [0x00000000d5f80000,0x00000000d6000000,0x00000000d6000000)
  to   space 1536K, 0% used [0x00000000d5d00000,0x00000000d5d00000,0x00000000d5e80000)
 ParOldGen       total 178176K, used 177890K [0x0000000080000000, 0x000000008ae00000, 0x00000000d5580000)
  object space 178176K, 99% used [0x0000000080000000,0x000000008adb8a80,0x000000008ae00000)
 Metaspace       used 75079K, committed 76608K, reserved 1179648K
  class space    used 7882K, committed 8576K, reserved 1048576K
}
Event: 25.214 GC heap after
{Heap after GC invocations=202 (full 3):
 PSYoungGen      total 8192K, used 8192K [0x00000000d5580000, 0x00000000d6000000, 0x0000000100000000)
  eden space 7680K, 100% used [0x00000000d5580000,0x00000000d5d00000,0x00000000d5d00000)
  from space 512K, 100% used [0x00000000d5f80000,0x00000000d6000000,0x00000000d6000000)
  to   space 1536K, 53% used [0x00000000d5d00000,0x00000000d5dcbe60,0x00000000d5e80000)
 ParOldGen       total 178688K, used 178273K [0x0000000080000000, 0x000000008ae80000, 0x00000000d5580000)
  object space 178688K, 99% used [0x0000000080000000,0x000000008ae18628,0x000000008ae80000)
 Metaspace       used 75079K, committed 76608K, reserved 1179648K
  class space    used 7882K, committed 8576K, reserved 1048576K
}
Event: 25.214 GC heap before
{Heap before GC invocations=203 (full 4):
 PSYoungGen      total 8192K, used 8192K [0x00000000d5580000, 0x00000000d6000000, 0x0000000100000000)
  eden space 7680K, 100% used [0x00000000d5580000,0x00000000d5d00000,0x00000000d5d00000)
  from space 512K, 100% used [0x00000000d5f80000,0x00000000d6000000,0x00000000d6000000)
  to   space 1536K, 53% used [0x00000000d5d00000,0x00000000d5dcbe60,0x00000000d5e80000)
 ParOldGen       total 178688K, used 178273K [0x0000000080000000, 0x000000008ae80000, 0x00000000d5580000)
  object space 178688K, 99% used [0x0000000080000000,0x000000008ae18628,0x000000008ae80000)
 Metaspace       used 75079K, committed 76608K, reserved 1179648K
  class space    used 7882K, committed 8576K, reserved 1048576K
}

Dll operation events (14 events):
Event: 0.010 Loaded shared library c:\Users\Hi\.vscode\extensions\redhat.java-1.54.0-win32-x64\jre\21.0.10-win32-x86_64\bin\java.dll
Event: 0.027 Loaded shared library c:\Users\Hi\.vscode\extensions\redhat.java-1.54.0-win32-x64\jre\21.0.10-win32-x86_64\bin\zip.dll
Event: 0.066 Loaded shared library C:\Users\Hi\.vscode\extensions\redhat.java-1.54.0-win32-x64\jre\21.0.10-win32-x86_64\bin\instrument.dll
Event: 0.070 Loaded shared library C:\Users\Hi\.vscode\extensions\redhat.java-1.54.0-win32-x64\jre\21.0.10-win32-x86_64\bin\net.dll
Event: 0.073 Loaded shared library C:\Users\Hi\.vscode\extensions\redhat.java-1.54.0-win32-x64\jre\21.0.10-win32-x86_64\bin\nio.dll
Event: 0.077 Loaded shared library C:\Users\Hi\.vscode\extensions\redhat.java-1.54.0-win32-x64\jre\21.0.10-win32-x86_64\bin\zip.dll
Event: 0.088 Loaded shared library C:\Users\Hi\.vscode\extensions\redhat.java-1.54.0-win32-x64\jre\21.0.10-win32-x86_64\bin\jimage.dll
Event: 0.138 Loaded shared library c:\Users\Hi\.vscode\extensions\redhat.java-1.54.0-win32-x64\jre\21.0.10-win32-x86_64\bin\verify.dll
Event: 0.934 Loaded shared library C:\Users\Hi\AppData\Roaming\Code\User\globalStorage\redhat.java\1.54.0\config_win\org.eclipse.equinox.launcher\org.eclipse.equinox.launcher.win32.win32.x86_64_1.3.0.v20260203-2149\eclipse_11919.dll
Event: 1.661 Loaded shared library C:\Users\Hi\.vscode\extensions\redhat.java-1.54.0-win32-x64\jre\21.0.10-win32-x86_64\bin\management.dll
Event: 1.663 Loaded shared library C:\Users\Hi\.vscode\extensions\redhat.java-1.54.0-win32-x64\jre\21.0.10-win32-x86_64\bin\management_ext.dll
Event: 2.503 Loaded shared library C:\Users\Hi\AppData\Local\Temp\jna-2337\jna3024909252806959289.dll
Event: 2.706 Loaded shared library C:\Users\Hi\.vscode\extensions\redhat.java-1.54.0-win32-x64\jre\21.0.10-win32-x86_64\bin\sunmscapi.dll
Event: 2.936 Loaded shared library C:\Users\Hi\.vscode\extensions\redhat.java-1.54.0-win32-x64\jre\21.0.10-win32-x86_64\bin\extnet.dll

Deoptimization events (20 events):
Event: 25.101 Thread 0x000001d512f32cb0 DEOPT PACKING pc=0x000001d4b6f97653 sp=0x000000d0bbbfe8a0
Event: 25.101 Thread 0x000001d512f32cb0 DEOPT UNPACKING pc=0x000001d4bc2d4242 sp=0x000000d0bbbfde20 mode 0
Event: 25.105 Thread 0x000001d516d420a0 Uncommon trap: trap_request=0xffffffc6 fr.pc=0x000001d4bd00ee4c relative=0x000000000000062c
Event: 25.105 Thread 0x000001d516d420a0 Uncommon trap: reason=bimorphic_or_optimized_type_check action=maybe_recompile pc=0x000001d4bd00ee4c method=java.util.HashMap.removeNode(ILjava/lang/Object;Ljava/lang/Object;ZZ)Ljava/util/HashMap$Node; @ 143 c2
Event: 25.105 Thread 0x000001d516d420a0 DEOPT PACKING pc=0x000001d4bd00ee4c sp=0x000000d0bf6fe600
Event: 25.105 Thread 0x000001d516d420a0 DEOPT UNPACKING pc=0x000001d4bc2d3aa2 sp=0x000000d0bf6fe4f8 mode 2
Event: 25.119 Thread 0x000001d512f32cb0 DEOPT PACKING pc=0x000001d4b6f97653 sp=0x000000d0bbbfe8a0
Event: 25.119 Thread 0x000001d512f32cb0 DEOPT UNPACKING pc=0x000001d4bc2d4242 sp=0x000000d0bbbfde20 mode 0
Event: 25.136 Thread 0x000001d516d420a0 Uncommon trap: trap_request=0xffffffc6 fr.pc=0x000001d4bcd6faf0 relative=0x0000000000000570
Event: 25.136 Thread 0x000001d516d420a0 Uncommon trap: reason=bimorphic_or_optimized_type_check action=maybe_recompile pc=0x000001d4bcd6faf0 method=java.util.HashMap.removeNode(ILjava/lang/Object;Ljava/lang/Object;ZZ)Ljava/util/HashMap$Node; @ 68 c2
Event: 25.136 Thread 0x000001d516d420a0 DEOPT PACKING pc=0x000001d4bcd6faf0 sp=0x000000d0bf6fe790
Event: 25.137 Thread 0x000001d516d420a0 DEOPT UNPACKING pc=0x000001d4bc2d3aa2 sp=0x000000d0bf6fe738 mode 2
Event: 25.139 Thread 0x000001d512f32cb0 DEOPT PACKING pc=0x000001d4b6f976d3 sp=0x000000d0bbbfe8a0
Event: 25.139 Thread 0x000001d512f32cb0 DEOPT UNPACKING pc=0x000001d4bc2d4242 sp=0x000000d0bbbfde20 mode 0
Event: 25.170 Thread 0x000001d512f32cb0 DEOPT PACKING pc=0x000001d4b6f97653 sp=0x000000d0bbbfe8a0
Event: 25.170 Thread 0x000001d512f32cb0 DEOPT UNPACKING pc=0x000001d4bc2d4242 sp=0x000000d0bbbfde20 mode 0
Event: 25.184 Thread 0x000001d512f32cb0 DEOPT PACKING pc=0x000001d4b6f97653 sp=0x000000d0bbbfe8f0
Event: 25.185 Thread 0x000001d512f32cb0 DEOPT UNPACKING pc=0x000001d4bc2d4242 sp=0x000000d0bbbfde58 mode 0
Event: 25.205 Thread 0x000001d512f32cb0 DEOPT PACKING pc=0x000001d4b6f97653 sp=0x000000d0bbbfe8f0
Event: 25.205 Thread 0x000001d512f32cb0 DEOPT UNPACKING pc=0x000001d4bc2d4242 sp=0x000000d0bbbfde58 mode 0

Classes loaded (20 events):
Event: 22.916 Loading class java/util/stream/ReduceOps$4ReducingSink
Event: 22.916 Loading class java/util/stream/ReduceOps$4ReducingSink done
Event: 22.946 Loading class java/nio/file/Files$2
Event: 22.947 Loading class java/nio/file/Files$2 done
Event: 23.946 Loading class jdk/internal/module/IllegalAccessLogger
Event: 23.946 Loading class jdk/internal/module/IllegalAccessLogger done
Event: 23.969 Loading class java/util/concurrent/ArrayBlockingQueue
Event: 23.970 Loading class java/util/concurrent/ArrayBlockingQueue done
Event: 24.245 Loading class java/util/concurrent/ConcurrentHashMap$KeySpliterator
Event: 24.246 Loading class java/util/concurrent/ConcurrentHashMap$KeySpliterator done
Event: 24.502 Loading class java/util/stream/ReferencePipeline$4
Event: 24.503 Loading class java/util/stream/ReferencePipeline$4 done
Event: 24.504 Loading class java/util/stream/Nodes$IntFixedNodeBuilder
Event: 24.505 Loading class java/util/stream/Node$Builder$OfInt
Event: 24.505 Loading class java/util/stream/Node$Builder$OfInt done
Event: 24.505 Loading class java/util/stream/Nodes$IntArrayNode
Event: 24.505 Loading class java/util/stream/Nodes$IntArrayNode done
Event: 24.505 Loading class java/util/stream/Nodes$IntFixedNodeBuilder done
Event: 24.507 Loading class java/util/stream/ReferencePipeline$4$1
Event: 24.507 Loading class java/util/stream/ReferencePipeline$4$1 done

Classes unloaded (15 events):
Event: 2.050 Thread 0x000001d4b1813a00 Unloading class 0x000001d4ca1a9c00 'java/lang/invoke/LambdaForm$MH+0x000001d4ca1a9c00'
Event: 2.050 Thread 0x000001d4b1813a00 Unloading class 0x000001d4ca1a9800 'java/lang/invoke/LambdaForm$MH+0x000001d4ca1a9800'
Event: 2.050 Thread 0x000001d4b1813a00 Unloading class 0x000001d4ca1a9400 'java/lang/invoke/LambdaForm$MH+0x000001d4ca1a9400'
Event: 2.050 Thread 0x000001d4b1813a00 Unloading class 0x000001d4ca1a9000 'java/lang/invoke/LambdaForm$MH+0x000001d4ca1a9000'
Event: 2.050 Thread 0x000001d4b1813a00 Unloading class 0x000001d4ca1a8c00 'java/lang/invoke/LambdaForm$BMH+0x000001d4ca1a8c00'
Event: 2.050 Thread 0x000001d4b1813a00 Unloading class 0x000001d4ca1a8800 'java/lang/invoke/LambdaForm$DMH+0x000001d4ca1a8800'
Event: 2.050 Thread 0x000001d4b1813a00 Unloading class 0x000001d4ca1a3800 'java/lang/invoke/LambdaForm$DMH+0x000001d4ca1a3800'
Event: 13.390 Thread 0x000001d4b1813a00 Unloading class 0x000001d4ca68d800 'java/lang/invoke/LambdaForm$DMH+0x000001d4ca68d800'
Event: 13.390 Thread 0x000001d4b1813a00 Unloading class 0x000001d4ca68d400 'java/lang/invoke/LambdaForm$DMH+0x000001d4ca68d400'
Event: 13.390 Thread 0x000001d4b1813a00 Unloading class 0x000001d4ca68d000 'java/lang/invoke/LambdaForm$DMH+0x000001d4ca68d000'
Event: 25.260 Thread 0x000001d4b1813a00 Unloading class 0x000001d4ca7e9800 'java/lang/invoke/LambdaForm$DMH+0x000001d4ca7e9800'
Event: 25.260 Thread 0x000001d4b1813a00 Unloading class 0x000001d4ca7e8c00 'java/lang/invoke/LambdaForm$DMH+0x000001d4ca7e8c00'
Event: 25.260 Thread 0x000001d4b1813a00 Unloading class 0x000001d4ca7d5000 'java/lang/invoke/LambdaForm$MH+0x000001d4ca7d5000'
Event: 25.260 Thread 0x000001d4b1813a00 Unloading class 0x000001d4ca7d4800 'java/lang/invoke/LambdaForm$MH+0x000001d4ca7d4800'
Event: 25.260 Thread 0x000001d4b1813a00 Unloading class 0x000001d4ca7d4000 'java/lang/invoke/LambdaForm$MH+0x000001d4ca7d4000'

Classes redefined (0 events):
No events

Internal exceptions (20 events):
Event: 19.458 Thread 0x000001d5160cd350 Exception <a 'java/lang/NoSuchMethodError'{0x00000000d6238cc0}: 'java.lang.Object java.lang.invoke.DirectMethodHandle$Holder.invokeVirtual(java.lang.Object, java.lang.Object, int)'> (0x00000000d6238cc0) 
thrown [s\src\hotspot\share\interpreter\linkResolver.cpp, line 773]
Event: 19.650 Thread 0x000001d512f32cb0 Implicit null exception at 0x000001d4bd1ce4e9 to 0x000001d4bd1ce6bc
Event: 22.197 Thread 0x000001d512f339d0 Exception <a 'java/lang/NoSuchMethodError'{0x00000000d58110b0}: 'java.lang.Object java.lang.invoke.DirectMethodHandle$Holder.invokeStatic(java.lang.Object, java.lang.Object, int, int)'> (0x00000000d58110b0) 
thrown [s\src\hotspot\share\interpreter\linkResolver.cpp, line 773]
Event: 22.198 Thread 0x000001d5160cd350 Exception <a 'java/lang/NoSuchMethodError'{0x00000000d5829ee8}: 'java.lang.Object java.lang.invoke.DirectMethodHandle$Holder.invokeStatic(java.lang.Object, java.lang.Object, int, int)'> (0x00000000d5829ee8) 
thrown [s\src\hotspot\share\interpreter\linkResolver.cpp, line 773]
Event: 22.198 Thread 0x000001d512f339d0 Exception <a 'java/lang/NoSuchMethodError'{0x00000000d58154b0}: 'java.lang.Object java.lang.invoke.DirectMethodHandle$Holder.invokeSpecial(java.lang.Object, java.lang.Object, java.lang.Object, int, int)'> (0x00000000d58154b0) 
thrown [s\src\hotspot\share\interpreter\linkResolver.cpp, line 773]
Event: 22.199 Thread 0x000001d5160cd350 Exception <a 'java/lang/NoSuchMethodError'{0x00000000d582d9b8}: 'java.lang.Object java.lang.invoke.DirectMethodHandle$Holder.invokeSpecial(java.lang.Object, java.lang.Object, java.lang.Object, int, int)'> (0x00000000d582d9b8) 
thrown [s\src\hotspot\share\interpreter\linkResolver.cpp, line 773]
Event: 22.250 Thread 0x000001d512f339d0 Implicit null exception at 0x000001d4bd311a5a to 0x000001d4bd311ab3
Event: 22.256 Thread 0x000001d512f339d0 Implicit null exception at 0x000001d4bd354a4a to 0x000001d4bd354bd4
Event: 22.278 Thread 0x000001d512f339d0 Implicit null exception at 0x000001d4bd34ee12 to 0x000001d4bd34ef97
Event: 22.789 Thread 0x000001d512f339d0 Implicit null exception at 0x000001d4bd0235a7 to 0x000001d4bd023940
Event: 22.987 Thread 0x000001d512f339d0 Implicit null exception at 0x000001d4bd3586e3 to 0x000001d4bd358d20
Event: 23.768 Thread 0x000001d5160cbfa0 Exception <a 'java/lang/NoSuchMethodError'{0x00000000d58263a8}: 'java.lang.Object java.lang.invoke.DirectMethodHandle$Holder.invokeSpecial(java.lang.Object, java.lang.Object, int, long)'> (0x00000000d58263a8) 
thrown [s\src\hotspot\share\interpreter\linkResolver.cpp, line 773]
Event: 23.830 Thread 0x000001d512f339d0 Implicit null exception at 0x000001d4bd1cea57 to 0x000001d4bd1cea92
Event: 24.132 Thread 0x000001d516d420a0 Implicit null exception at 0x000001d4bd33a851 to 0x000001d4bd33adf0
Event: 24.153 Thread 0x000001d516d420a0 Exception <a 'java/lang/NoSuchMethodError'{0x00000000d59945d8}: 'void java.lang.invoke.DirectMethodHandle$Holder.invokeStatic(java.lang.Object, int, java.lang.Object)'> (0x00000000d59945d8) 
thrown [s\src\hotspot\share\interpreter\linkResolver.cpp, line 773]
Event: 24.252 Thread 0x000001d512f339d0 Exception <a 'java/lang/NoSuchMethodError'{0x00000000d5d699c8}: 'java.lang.Object java.lang.invoke.DirectMethodHandle$Holder.newInvokeSpecial(java.lang.Object, java.lang.Object, int, int, java.lang.Object)'> (0x00000000d5d699c8) 
thrown [s\src\hotspot\share\interpreter\linkResolver.cpp, line 773]
Event: 24.536 Thread 0x000001d516d420a0 Implicit null exception at 0x000001d4bd37f047 to 0x000001d4bd37f54c
Event: 24.630 Thread 0x000001d5160cbfa0 Implicit null exception at 0x000001d4bd4c9228 to 0x000001d4bd4c9b14
Event: 24.697 Thread 0x000001d516d420a0 Exception <a 'java/lang/NoSuchMethodError'{0x00000000d5d53a20}: 'java.lang.Object java.lang.invoke.DirectMethodHandle$Holder.invokeStatic(java.lang.Object, java.lang.Object, int, java.lang.Object)'> (0x00000000d5d53a20) 
thrown [s\src\hotspot\share\interpreter\linkResolver.cpp, line 773]
Event: 25.030 Thread 0x000001d5160cbfa0 Implicit null exception at 0x000001d4bd4e2d86 to 0x000001d4bd4e2e90

ZGC Phase Switch (0 events):
No events

VM Operations (20 events):
Event: 24.920 Executing safepoint VM operation: ParallelGCSystemGC (GCLocker Initiated GC) done
Event: 24.950 Executing safepoint VM operation: ParallelGCFailedAllocation (Allocation Failure)
Event: 24.953 Executing safepoint VM operation: ParallelGCFailedAllocation (Allocation Failure) done
Event: 24.978 Executing safepoint VM operation: ParallelGCFailedAllocation (Allocation Failure)
Event: 24.981 Executing safepoint VM operation: ParallelGCFailedAllocation (Allocation Failure) done
Event: 25.005 Executing safepoint VM operation: ParallelGCFailedAllocation (Allocation Failure)
Event: 25.011 Executing safepoint VM operation: ParallelGCFailedAllocation (Allocation Failure) done
Event: 25.056 Executing safepoint VM operation: ParallelGCFailedAllocation (Allocation Failure)
Event: 25.063 Executing safepoint VM operation: ParallelGCFailedAllocation (Allocation Failure) done
Event: 25.091 Executing safepoint VM operation: ParallelGCFailedAllocation (Allocation Failure)
Event: 25.091 Executing safepoint VM operation: ParallelGCFailedAllocation (Allocation Failure) done
Event: 25.091 Executing safepoint VM operation: ParallelGCSystemGC (GCLocker Initiated GC)
Event: 25.097 Executing safepoint VM operation: ParallelGCSystemGC (GCLocker Initiated GC) done
Event: 25.118 Executing safepoint VM operation: ParallelGCFailedAllocation (Allocation Failure)
Event: 25.122 Executing safepoint VM operation: ParallelGCFailedAllocation (Allocation Failure) done
Event: 25.160 Executing safepoint VM operation: ParallelGCFailedAllocation (Allocation Failure)
Event: 25.165 Executing safepoint VM operation: ParallelGCFailedAllocation (Allocation Failure) done
Event: 25.187 Executing safepoint VM operation: ParallelGCFailedAllocation (Allocation Failure)
Event: 25.194 Executing safepoint VM operation: ParallelGCFailedAllocation (Allocation Failure) done
Event: 25.210 Executing safepoint VM operation: ParallelGCFailedAllocation (Allocation Failure)

Memory protections (0 events):
No events

Nmethod flushes (20 events):
Event: 13.407 Thread 0x000001d4b1813a00 flushing  nmethod 0x000001d4b5750610
Event: 13.407 Thread 0x000001d4b1813a00 flushing  nmethod 0x000001d4b5752390
Event: 13.407 Thread 0x000001d4b1813a00 flushing  nmethod 0x000001d4b5752f10
Event: 13.407 Thread 0x000001d4b1813a00 flushing  nmethod 0x000001d4b5753e10
Event: 13.407 Thread 0x000001d4b1813a00 flushing  nmethod 0x000001d4b5754410
Event: 13.407 Thread 0x000001d4b1813a00 flushing  nmethod 0x000001d4b5754c90
Event: 13.407 Thread 0x000001d4b1813a00 flushing  nmethod 0x000001d4b5755010
Event: 13.407 Thread 0x000001d4b1813a00 flushing  nmethod 0x000001d4b5756a90
Event: 13.407 Thread 0x000001d4b1813a00 flushing  nmethod 0x000001d4b5776d90
Event: 13.407 Thread 0x000001d4b1813a00 flushing  nmethod 0x000001d4b5777710
Event: 13.407 Thread 0x000001d4b1813a00 flushing  nmethod 0x000001d4b5784710
Event: 13.407 Thread 0x000001d4b1813a00 flushing  nmethod 0x000001d4b578ba90
Event: 13.407 Thread 0x000001d4b1813a00 flushing  nmethod 0x000001d4b57cd190
Event: 13.407 Thread 0x000001d4b1813a00 flushing  nmethod 0x000001d4b57df410
Event: 13.407 Thread 0x000001d4b1813a00 flushing  nmethod 0x000001d4b57dff10
Event: 13.407 Thread 0x000001d4b1813a00 flushing  nmethod 0x000001d4b57e3c90
Event: 13.407 Thread 0x000001d4b1813a00 flushing  nmethod 0x000001d4b57fa090
Event: 13.407 Thread 0x000001d4b1813a00 flushing  nmethod 0x000001d4b580b910
Event: 13.407 Thread 0x000001d4b1813a00 flushing  nmethod 0x000001d4b5823c90
Event: 13.407 Thread 0x000001d4b1813a00 flushing  nmethod 0x000001d4b582e490

Events (20 events):
Event: 19.806 Thread 0x000001d512f339d0 Thread added: 0x000001d516d44170
Event: 23.971 Thread 0x000001d512f339d0 Thread added: 0x000001d516d420a0
Event: 24.255 Thread 0x000001d512f339d0 Thread added: 0x000001d516d43ae0
Event: 24.424 Thread 0x000001d512f339d0 Thread added: 0x000001d516d45bb0
Event: 24.433 Thread 0x000001d512f339d0 Thread added: 0x000001d516d46240
Event: 24.446 Thread 0x000001d512f339d0 Thread added: 0x000001d516d468d0
Event: 24.464 Thread 0x000001d512f339d0 Thread added: 0x000001d516d43450
Event: 24.484 Thread 0x000001d512f339d0 Thread added: 0x000001d516d46f60
Event: 24.669 Thread 0x000001d512f339d0 Thread added: 0x000001d516d475f0
Event: 24.669 Thread 0x000001d512f339d0 Thread added: 0x000001d516d47c80
Event: 24.683 Thread 0x000001d512f339d0 Thread added: 0x000001d516d48310
Event: 24.705 Thread 0x000001d512f339d0 Thread added: 0x000001d516d489a0
Event: 24.823 Thread 0x000001d512f339d0 Thread added: 0x000001d516d49030
Event: 24.824 Thread 0x000001d512f339d0 Thread added: 0x000001d51cc5abc0
Event: 24.838 Thread 0x000001d512f339d0 Thread added: 0x000001d51cc57dd0
Event: 24.860 Thread 0x000001d512f339d0 Thread added: 0x000001d51cc59180
Event: 24.861 Thread 0x000001d512f339d0 Thread added: 0x000001d51cc58af0
Event: 24.893 Thread 0x000001d512f339d0 Thread added: 0x000001d51cc58460
Event: 24.930 Thread 0x000001d512f339d0 Thread added: 0x000001d51cc59ea0
Event: 24.946 Thread 0x000001d512f339d0 Thread added: 0x000001d51cc5cc90


Dynamic libraries:
0x00007ff6779c0000 - 0x00007ff6779ce000 	c:\Users\Hi\.vscode\extensions\redhat.java-1.54.0-win32-x64\jre\21.0.10-win32-x86_64\bin\java.exe
0x00007ffa14a80000 - 0x00007ffa14ce8000 	C:\WINDOWS\SYSTEM32\ntdll.dll
0x00007ffa13410000 - 0x00007ffa134d9000 	C:\WINDOWS\System32\KERNEL32.DLL
0x00007ffa11d30000 - 0x00007ffa12128000 	C:\WINDOWS\System32\KERNELBASE.dll
0x00007ffa0bfe0000 - 0x00007ffa0c07f000 	C:\WINDOWS\SYSTEM32\apphelp.dll
0x00007ffa12160000 - 0x00007ffa122ab000 	C:\WINDOWS\System32\ucrtbase.dll
0x00007ff9f3c50000 - 0x00007ff9f3c68000 	c:\Users\Hi\.vscode\extensions\redhat.java-1.54.0-win32-x64\jre\21.0.10-win32-x86_64\bin\jli.dll
0x00007ff9f3a70000 - 0x00007ff9f3a8e000 	c:\Users\Hi\.vscode\extensions\redhat.java-1.54.0-win32-x64\jre\21.0.10-win32-x86_64\bin\VCRUNTIME140.dll
0x00007ffa12d60000 - 0x00007ffa12f27000 	C:\WINDOWS\System32\USER32.dll
0x00007ffa12130000 - 0x00007ffa12157000 	C:\WINDOWS\System32\win32u.dll
0x00007ffa13f60000 - 0x00007ffa13f8b000 	C:\WINDOWS\System32\GDI32.dll
0x00007ffa126f0000 - 0x00007ffa1281c000 	C:\WINDOWS\System32\gdi32full.dll
0x00007ffa11c80000 - 0x00007ffa11d23000 	C:\WINDOWS\System32\msvcp_win.dll
0x00007ff9f0950000 - 0x00007ff9f0be4000 	C:\WINDOWS\WinSxS\amd64_microsoft.windows.common-controls_6595b64144ccf1df_6.0.26100.7019_none_3e06ffa0e335b8a8\COMCTL32.dll
0x00007ffa13030000 - 0x00007ffa130d9000 	C:\WINDOWS\System32\msvcrt.dll
0x00007ffa13600000 - 0x00007ffa13631000 	C:\WINDOWS\System32\IMM32.DLL
0x0000000072e90000 - 0x0000000072e9d000 	C:\Program Files (x86)\360\360Safe\safemon\SafeWrapper.dll
0x00007ffa14970000 - 0x00007ffa14a24000 	C:\WINDOWS\System32\ADVAPI32.dll
0x00007ffa12cb0000 - 0x00007ffa12d56000 	C:\WINDOWS\System32\sechost.dll
0x00007ffa13f90000 - 0x00007ffa140a8000 	C:\WINDOWS\System32\RPCRT4.dll
0x00007ffa0f4c0000 - 0x00007ffa0f5c5000 	C:\Program Files (x86)\360\360Safe\safemon\libzdtp64.dll
0x00007ffa14130000 - 0x00007ffa1487f000 	C:\WINDOWS\System32\SHELL32.dll
0x00007ffa122b0000 - 0x00007ffa1241b000 	C:\WINDOWS\System32\wintypes.dll
0x00007ffa137b0000 - 0x00007ffa13b3b000 	C:\WINDOWS\System32\combase.dll
0x00007ffa13140000 - 0x00007ffa131a7000 	C:\WINDOWS\System32\SHLWAPI.dll
0x00007ffa11370000 - 0x00007ffa1137b000 	C:\WINDOWS\SYSTEM32\VERSION.dll
0x00007ff9f4580000 - 0x00007ff9f458c000 	c:\Users\Hi\.vscode\extensions\redhat.java-1.54.0-win32-x64\jre\21.0.10-win32-x86_64\bin\vcruntime140_1.dll
0x00007ff963370000 - 0x00007ff9633fd000 	c:\Users\Hi\.vscode\extensions\redhat.java-1.54.0-win32-x64\jre\21.0.10-win32-x86_64\bin\msvcp140.dll
0x00007ff956450000 - 0x00007ff9571f1000 	c:\Users\Hi\.vscode\extensions\redhat.java-1.54.0-win32-x64\jre\21.0.10-win32-x86_64\bin\server\jvm.dll
0x00007ffa13390000 - 0x00007ffa13404000 	C:\WINDOWS\System32\WS2_32.dll
0x00007ffa11a30000 - 0x00007ffa11a8e000 	C:\WINDOWS\SYSTEM32\POWRPROF.dll
0x00007ffa06830000 - 0x00007ffa06865000 	C:\WINDOWS\SYSTEM32\WINMM.dll
0x00007ffa11a10000 - 0x00007ffa11a24000 	C:\WINDOWS\SYSTEM32\UMPDC.dll
0x00007ffa108d0000 - 0x00007ffa108eb000 	C:\WINDOWS\SYSTEM32\kernel.appcore.dll
0x00007ff9f3e30000 - 0x00007ff9f3e3a000 	c:\Users\Hi\.vscode\extensions\redhat.java-1.54.0-win32-x64\jre\21.0.10-win32-x86_64\bin\jimage.dll
0x00007ffa0efd0000 - 0x00007ffa0f212000 	C:\WINDOWS\SYSTEM32\DBGHELP.DLL
0x00007ffa13520000 - 0x00007ffa135f7000 	C:\WINDOWS\System32\OLEAUT32.dll
0x00007ff9e1ba0000 - 0x00007ff9e1bdc000 	C:\WINDOWS\SYSTEM32\dbgcore.DLL
0x00007ffa11bd0000 - 0x00007ffa11c75000 	C:\WINDOWS\System32\bcryptPrimitives.dll
0x00007ff9f3db0000 - 0x00007ff9f3dbf000 	c:\Users\Hi\.vscode\extensions\redhat.java-1.54.0-win32-x64\jre\21.0.10-win32-x86_64\bin\instrument.dll
0x00007ff9f2ee0000 - 0x00007ff9f2f00000 	c:\Users\Hi\.vscode\extensions\redhat.java-1.54.0-win32-x64\jre\21.0.10-win32-x86_64\bin\java.dll
0x00007ffa0f790000 - 0x00007ffa0ffed000 	C:\WINDOWS\SYSTEM32\windows.storage.dll
0x00007ffa12f30000 - 0x00007ffa13022000 	C:\WINDOWS\System32\SHCORE.dll
0x00007ffa11af0000 - 0x00007ffa11b19000 	C:\WINDOWS\SYSTEM32\profapi.dll
0x00007ff9f07d0000 - 0x00007ff9f07e8000 	c:\Users\Hi\.vscode\extensions\redhat.java-1.54.0-win32-x64\jre\21.0.10-win32-x86_64\bin\zip.dll
0x00007ff9f3d10000 - 0x00007ff9f3d20000 	C:\Users\Hi\.vscode\extensions\redhat.java-1.54.0-win32-x64\jre\21.0.10-win32-x86_64\bin\net.dll
0x00007ffa05e60000 - 0x00007ffa05f88000 	C:\WINDOWS\SYSTEM32\WINHTTP.dll
0x00007ffa10e40000 - 0x00007ffa10eab000 	C:\WINDOWS\system32\mswsock.dll
0x00007ff9f0780000 - 0x00007ff9f0796000 	C:\Users\Hi\.vscode\extensions\redhat.java-1.54.0-win32-x64\jre\21.0.10-win32-x86_64\bin\nio.dll
0x00007ff9f3a60000 - 0x00007ff9f3a70000 	c:\Users\Hi\.vscode\extensions\redhat.java-1.54.0-win32-x64\jre\21.0.10-win32-x86_64\bin\verify.dll
0x00007ff9d68e0000 - 0x00007ff9d6925000 	C:\Users\Hi\AppData\Roaming\Code\User\globalStorage\redhat.java\1.54.0\config_win\org.eclipse.equinox.launcher\org.eclipse.equinox.launcher.win32.win32.x86_64_1.3.0.v20260203-2149\eclipse_11919.dll
0x00007ffa13d40000 - 0x00007ffa13ed7000 	C:\WINDOWS\System32\ole32.dll
0x00007ff9f4360000 - 0x00007ff9f436a000 	C:\Users\Hi\.vscode\extensions\redhat.java-1.54.0-win32-x64\jre\21.0.10-win32-x86_64\bin\management.dll
0x00007ff9f3b20000 - 0x00007ff9f3b2c000 	C:\Users\Hi\.vscode\extensions\redhat.java-1.54.0-win32-x64\jre\21.0.10-win32-x86_64\bin\management_ext.dll
0x00007ffa13d30000 - 0x00007ffa13d38000 	C:\WINDOWS\System32\PSAPI.DLL
0x00007ffa11100000 - 0x00007ffa1111b000 	C:\WINDOWS\SYSTEM32\CRYPTSP.dll
0x00007ffa10830000 - 0x00007ffa1086a000 	C:\WINDOWS\system32\rsaenh.dll
0x00007ffa10ef0000 - 0x00007ffa10f1b000 	C:\WINDOWS\SYSTEM32\USERENV.dll
0x00007ffa11ac0000 - 0x00007ffa11aea000 	C:\WINDOWS\SYSTEM32\bcrypt.dll
0x00007ffa11120000 - 0x00007ffa1112c000 	C:\WINDOWS\SYSTEM32\CRYPTBASE.dll
0x00007ffa11480000 - 0x00007ffa114b4000 	C:\WINDOWS\SYSTEM32\IPHLPAPI.DLL
0x00007ffa130e0000 - 0x00007ffa130ea000 	C:\WINDOWS\System32\NSI.dll
0x00007ff9d52a0000 - 0x00007ff9d52e9000 	C:\Users\Hi\AppData\Local\Temp\jna-2337\jna3024909252806959289.dll
0x00007ffa06800000 - 0x00007ffa0681e000 	C:\WINDOWS\SYSTEM32\dhcpcsvc6.DLL
0x00007ffa067c0000 - 0x00007ffa067e3000 	C:\WINDOWS\SYSTEM32\dhcpcsvc.DLL
0x00007ff9f07c0000 - 0x00007ff9f07ce000 	C:\Users\Hi\.vscode\extensions\redhat.java-1.54.0-win32-x64\jre\21.0.10-win32-x86_64\bin\sunmscapi.dll
0x00007ffa12420000 - 0x00007ffa12597000 	C:\WINDOWS\System32\CRYPT32.dll
0x00007ffa11320000 - 0x00007ffa11350000 	C:\WINDOWS\SYSTEM32\ncrypt.dll
0x00007ffa112d0000 - 0x00007ffa1130f000 	C:\WINDOWS\SYSTEM32\NTASN1.dll
0x00007ffa10470000 - 0x00007ffa1059c000 	C:\WINDOWS\SYSTEM32\DNSAPI.dll
0x00007ff9ff860000 - 0x00007ff9ff86b000 	C:\Windows\System32\rasadhlp.dll
0x00007ffa08700000 - 0x00007ffa08786000 	C:\WINDOWS\System32\fwpuclnt.dll
0x00007ff9f0770000 - 0x00007ff9f0779000 	C:\Users\Hi\.vscode\extensions\redhat.java-1.54.0-win32-x64\jre\21.0.10-win32-x86_64\bin\extnet.dll

JVMTI agents:
c:\Users\Hi\.vscode\extensions\redhat.java-1.54.0-win32-x64\lombok\lombok-1.18.39-4050.jar path:c:\Users\Hi\.vscode\extensions\redhat.java-1.54.0-win32-x64\jre\21.0.10-win32-x86_64\bin\instrument.dll, loaded, initialized, instrumentlib options:none

dbghelp: loaded successfully - version: 4.0.5 - missing functions: none
symbol engine: initialized successfully - sym options: 0x614 - pdb path: .;c:\Users\Hi\.vscode\extensions\redhat.java-1.54.0-win32-x64\jre\21.0.10-win32-x86_64\bin;C:\WINDOWS\SYSTEM32;C:\WINDOWS\WinSxS\amd64_microsoft.windows.common-controls_6595b64144ccf1df_6.0.26100.7019_none_3e06ffa0e335b8a8;C:\Program Files (x86)\360\360Safe\safemon;c:\Users\Hi\.vscode\extensions\redhat.java-1.54.0-win32-x64\jre\21.0.10-win32-x86_64\bin\server;C:\Users\Hi\AppData\Roaming\Code\User\globalStorage\redhat.java\1.54.0\config_win\org.eclipse.equinox.launcher\org.eclipse.equinox.launcher.win32.win32.x86_64_1.3.0.v20260203-2149;C:\Users\Hi\AppData\Local\Temp\jna-2337

VM Arguments:
jvm_args: --add-modules=ALL-SYSTEM --add-opens=java.base/java.util=ALL-UNNAMED --add-opens=java.base/java.lang=ALL-UNNAMED --add-opens=java.base/sun.nio.fs=ALL-UNNAMED -Declipse.application=org.eclipse.jdt.ls.core.id1 -Dosgi.bundles.defaultStartLevel=4 -Declipse.product=org.eclipse.jdt.ls.core.product -Djava.import.generatesMetadataFilesAtProjectRoot=false -DDetectVMInstallationsJob.disabled=true -Dfile.encoding=utf8 -XX:+UseParallelGC -XX:GCTimeRatio=4 -XX:AdaptiveSizePolicyWeight=90 -Dsun.zip.disableMemoryMapping=true -Xmx2G -Xms100m -Xlog:disable -javaagent:c:\Users\Hi\.vscode\extensions\redhat.java-1.54.0-win32-x64\lombok\lombok-1.18.39-4050.jar -XX:+HeapDumpOnOutOfMemoryError -XX:HeapDumpPath=c:\Users\Hi\AppData\Roaming\Code\User\workspaceStorage\8800255bfa019aa9c41d4c0c776fe196\redhat.java -Daether.dependencyCollector.impl=bf 
java_command: c:\Users\Hi\.vscode\extensions\redhat.java-1.54.0-win32-x64\server\plugins\org.eclipse.equinox.launcher_1.7.100.v20251111-0406.jar -configuration c:\Users\Hi\AppData\Roaming\Code\User\globalStorage\redhat.java\1.54.0\config_win -data c:\Users\Hi\AppData\Roaming\Code\User\workspaceStorage\8800255bfa019aa9c41d4c0c776fe196\redhat.java\jdt_ws --pipe=\\.\pipe\lsp-d50f1b626238c6b0745333387baa6d23-sock
java_class_path (initial): c:\Users\Hi\.vscode\extensions\redhat.java-1.54.0-win32-x64\server\plugins\org.eclipse.equinox.launcher_1.7.100.v20251111-0406.jar
Launcher Type: SUN_STANDARD

[Global flags]
    uintx AdaptiveSizePolicyWeight                 = 90                                        {product} {command line}
     intx CICompilerCount                          = 12                                        {product} {ergonomic}
    uintx GCTimeRatio                              = 4                                         {product} {command line}
     bool HeapDumpOnOutOfMemoryError               = true                                   {manageable} {command line}
    ccstr HeapDumpPath                             = c:\Users\Hi\AppData\Roaming\Code\User\workspaceStorage\8800255bfa019aa9c41d4c0c776fe196\redhat.java         {manageable} {command line}
   size_t InitialHeapSize                          = 104857600                                 {product} {command line}
   size_t MaxHeapSize                              = 2147483648                                {product} {command line}
   size_t MaxNewSize                               = 715653120                                 {product} {ergonomic}
   size_t MinHeapDeltaBytes                        = 524288                                    {product} {ergonomic}
   size_t MinHeapSize                              = 104857600                                 {product} {command line}
   size_t NewSize                                  = 34603008                                  {product} {ergonomic}
    uintx NonNMethodCodeHeapSize                   = 7602480                                {pd product} {ergonomic}
    uintx NonProfiledCodeHeapSize                  = 122027880                              {pd product} {ergonomic}
   size_t OldSize                                  = 70254592                                  {product} {ergonomic}
    uintx ProfiledCodeHeapSize                     = 122027880                              {pd product} {ergonomic}
    uintx ReservedCodeCacheSize                    = 251658240                              {pd product} {ergonomic}
     bool SegmentedCodeCache                       = true                                      {product} {ergonomic}
   size_t SoftMaxHeapSize                          = 2147483648                             {manageable} {ergonomic}
     bool UseCompressedOops                        = true                           {product lp64_product} {ergonomic}
     bool UseLargePagesIndividualAllocation        = false                                  {pd product} {ergonomic}
     bool UseParallelGC                            = true                                      {product} {command line}

Logging:
Log output configuration:
 #0: stdout all=off uptime,level,tags foldmultilines=false
 #1: stderr all=off uptime,level,tags foldmultilines=false

Release file:
JAVA_VERSION="21.0.10" 
MODULES="java.base java.compiler java.datatransfer java.xml java.prefs java.desktop java.instrument java.logging java.management java.security.sasl java.naming java.rmi java.management.rmi java.net.http java.scripting java.security.jgss java.transaction.xa java.sql java.sql.rowset java.xml.crypto java.se java.smartcardio jdk.accessibility jdk.internal.jvmstat jdk.attach jdk.charsets jdk.internal.opt jdk.zipfs jdk.compiler jdk.crypto.ec jdk.crypto.cryptoki jdk.crypto.mscapi jdk.dynalink jdk.internal.ed jdk.editpad jdk.hotspot.agent jdk.httpserver jdk.internal.le jdk.internal.vm.ci jdk.internal.vm.compiler jdk.internal.vm.compiler.management jdk.jartool jdk.javadoc jdk.jcmd jdk.management jdk.management.agent jdk.jconsole jdk.jdeps jdk.jdwp.agent jdk.jdi jdk.jfr jdk.jshell jdk.jsobject jdk.jstatd jdk.localedata jdk.management.jfr jdk.naming.dns jdk.naming.rmi jdk.net jdk.nio.mapmode jdk.random jdk.sctp jdk.security.auth jdk.security.jgss jdk.unsupported jdk.unsupported.desktop jdk.xml.dom" 

Environment Variables:
JAVA_HOME=C:\Program Files\Amazon Corretto\jdk1.8.0_482
PATH=C:\Program Files\Amazon Corretto\jdk1.8.0_482\bin;C:\Program Files\Amazon Corretto\jdk21.0.10_7\bin;C:\Program Files (x86)\VMware\VMware Workstation\bin\;C:\Program Files (x86)\Common Files\Oracle\Java\java8path;C:\Program Files (x86)\Common Files\Oracle\Java\javapath;C:\Program Files\Java\jdk-1.8\bin;C:\Windows\system32;C:\Windows;C:\Windows\System32\Wbem;C:\Windows\System32\WindowsPowerShell\v1.0\;C:\Windows\System32\OpenSSH\;C:\Program Files (x86)\NVIDIA Corporation\PhysX\Common;C:\Program Files\NVIDIA Corporation\NVIDIA NvDLISR;C:\Users\Hi\AppData\Local\Programs\Python\Python312\python.exe;d:\download\quartus\bin;D:\Program Files\Java\jdk-12.0.1\bin;C:\Program Files (x86)\Windows Kits\10\Windows Performance Toolkit\;D:\Program Files\nodejs\;D:\Program Files\MongoDB\Server\8.0\bin;%CATALINA_HOME%\bin;C:\WINDOWS\system32;C:\WINDOWS;C:\WINDOWS\System32\Wbem;C:\WINDOWS\System32\WindowsPowerShell\v1.0\;C:\WINDOWS\System32\OpenSSH\;D:\MinGW\bin;D:\Git\cmd;D:\Git\bin;C:\Program Files\Amazon Corretto\jdk1.8.0_482\bin;C:\Users\Hi\AppData\Local\Programs\Python\Python312\Scripts\;C:\Users\Hi\AppData\Local\Programs\Python\Python312\;C:\Users\Hi\AppData\Local\Microsoft\WindowsApps;C:\Program Files\JetBrains\PyCharm Community Edition 2023.3.3\bin;C:\Users\Hi\AppData\Local\Programs\Microsoft VS Code\bin;C:\Users\Hi\AppData\Roaming\npm;C:\Users\Hi\AppData\Local\Microsoft\WinGet\Packages\SQLite.SQLite_Microsoft.Winget.Source_8wekyb3d8bbwe
USERNAME=Hi
OS=Windows_NT
PROCESSOR_IDENTIFIER=Intel64 Family 6 Model 186 Stepping 2, GenuineIntel
TMP=C:\Users\Hi\AppData\Local\Temp
TEMP=C:\Users\Hi\AppData\Local\Temp




Periodic native trim disabled

---------------  S Y S T E M  ---------------

OS:
 Windows 11 , 64 bit Build 26100 (10.0.26100.7019)
OS uptime: 1 days 4:16 hours

CPU: total 20 (initial active 20) (10 cores per cpu, 2 threads per core) family 6 model 186 stepping 2 microcode 0x4114, cx8, cmov, fxsr, ht, mmx, 3dnowpref, sse, sse2, sse3, ssse3, sse4.1, sse4.2, popcnt, lzcnt, tsc, tscinvbit, avx, avx2, aes, erms, clmul, bmi1, bmi2, adx, sha, fma, vzeroupper, clflush, clflushopt, clwb, serialize, rdtscp, rdpid, fsrm, f16c, pku, cet_ibt, cet_ss
Processor Information for processor 0
  Max Mhz: 2400, Current Mhz: 1040, Mhz Limit: 2400
Processor Information for processor 1
  Max Mhz: 2400, Current Mhz: 2400, Mhz Limit: 2400
Processor Information for processor 2
  Max Mhz: 2400, Current Mhz: 1040, Mhz Limit: 2400
Processor Information for processor 3
  Max Mhz: 2400, Current Mhz: 2400, Mhz Limit: 2400
Processor Information for processor 4
  Max Mhz: 2400, Current Mhz: 2400, Mhz Limit: 2400
Processor Information for processor 5
  Max Mhz: 2400, Current Mhz: 2400, Mhz Limit: 2400
Processor Information for processor 6
  Max Mhz: 2400, Current Mhz: 1040, Mhz Limit: 2400
Processor Information for processor 7
  Max Mhz: 2400, Current Mhz: 2400, Mhz Limit: 2400
Processor Information for processor 8
  Max Mhz: 2400, Current Mhz: 1040, Mhz Limit: 2400
Processor Information for processor 9
  Max Mhz: 2400, Current Mhz: 2400, Mhz Limit: 2400
Processor Information for processor 10
  Max Mhz: 2400, Current Mhz: 1040, Mhz Limit: 2400
Processor Information for processor 11
  Max Mhz: 2400, Current Mhz: 1040, Mhz Limit: 2400
Processor Information for processor 12
  Max Mhz: 2400, Current Mhz: 1333, Mhz Limit: 2400
Processor Information for processor 13
  Max Mhz: 2400, Current Mhz: 1333, Mhz Limit: 2400
Processor Information for processor 14
  Max Mhz: 2400, Current Mhz: 2400, Mhz Limit: 2400
Processor Information for processor 15
  Max Mhz: 2400, Current Mhz: 1333, Mhz Limit: 2400
Processor Information for processor 16
  Max Mhz: 2400, Current Mhz: 1333, Mhz Limit: 2400
Processor Information for processor 17
  Max Mhz: 2400, Current Mhz: 1333, Mhz Limit: 2400
Processor Information for processor 18
  Max Mhz: 2400, Current Mhz: 1333, Mhz Limit: 2400
Processor Information for processor 19
  Max Mhz: 2400, Current Mhz: 1333, Mhz Limit: 2400

Memory: 4k page, system-wide physical 16108M (1809M free)
TotalPageFile size 27496M (AvailPageFile size 109M)
current process WorkingSet (physical memory assigned to process): 595M, peak: 595M
current process commit charge ("private bytes"): 662M, peak: 1854M

vm_info: OpenJDK 64-Bit Server VM (21.0.10+7-LTS) for windows-amd64 JRE (21.0.10+7-LTS), built on 2026-01-20T00:00:00Z by "admin" with MS VC++ 17.12 (VS2022)

END.
